[22:49:33] : Yamb 2.1.0.0 beta 2 started !!!
[22:49:33] : OS type detection...Windows Seven x64 (version 6.1, Build 7601 : Service Pack 1)
[22:49:33] : MP4Box found... C:\Users\Karl\AppData\Roaming\Yamb\MP4Box.exe
[22:49:33] : MKVextract found...c:\users\karl\appdata\roaming\yamb\mkvextract\mkvextract.exe
[22:49:33] : EAC3to found...c:\users\karl\appdata\roaming\yamb\eac3to\eac3to.exe
[22:50:00] : RU.2013.Super.Rugby.R02.Hurricanes.vs.Blues.x264.mp4 loaded....
[22:51:01] : Split RU.2013.Super.Rugby.R02.Hurricanes.vs.Blues.x264.mp4 from 01:00:00.000 to 01:02:00.000...
[22:51:01] : Command Line used for the splitting : "C:\Users\Karl\AppData\Roaming\Yamb\MP4Box.exe" -splitx 3600:3720 "C:\Users\Karl\Documents\Vuze Downloads\RU.2013.Super.Rugby.R02.Hurricanes.vs.Blues.x264.mp4"
[22:51:02] : File Splitting...
[22:51:02] : File Writing...
[22:51:02] : Splitting complete.
[22:51:02] : Total Time Elapsed...01 secs
[22:51:49] : Split RU.2013.Super.Rugby.R02.Hurricanes.vs.Blues.x264.mp4 each 00:09:43.061 ...
[22:51:49] : Command Line used for the splitting : "C:\Users\Karl\AppData\Roaming\Yamb\MP4Box.exe" -split 583 "C:\Users\Karl\Documents\Vuze Downloads\RU.2013.Super.Rugby.R02.Hurricanes.vs.Blues.x264.mp4"
[22:51:50] : File Splitting...
[22:51:54] : Storing split-file C:\Users\Karl\Documents\Vuze Downloads\RU.2013.Super.Rugby.R02.Hurricanes.vs.Blues.x264_001.mp4 - duration 577.52 seconds
[22:51:54] : File Writing...
[22:52:00] : Storing split-file C:\Users\Karl\Documents\Vuze Downloads\RU.2013.Super.Rugby.R02.Hurricanes.vs.Blues.x264_002.mp4 - duration 581.72 seconds
[22:52:00] : File Writing...
[22:52:06] : Storing split-file C:\Users\Karl\Documents\Vuze Downloads\RU.2013.Super.Rugby.R02.Hurricanes.vs.Blues.x264_003.mp4 - duration 574.96 seconds
[22:52:06] : File Writing...
[22:52:12] : Storing split-file C:\Users\Karl\Documents\Vuze Downloads\RU.2013.Super.Rugby.R02.Hurricanes.vs.Blues.x264_004.mp4 - duration 582.84 seconds
[22:52:12] : File Writing...
[22:52:19] : Storing split-file C:\Users\Karl\Documents\Vuze Downloads\RU.2013.Super.Rugby.R02.Hurricanes.vs.Blues.x264_005.mp4 - duration 581.64 seconds
[22:52:19] : File Writing...
[22:52:24] : Storing split-file C:\Users\Karl\Documents\Vuze Downloads\RU.2013.Super.Rugby.R02.Hurricanes.vs.Blues.x264_006.mp4 - duration 577.76 seconds
[22:52:24] : File Writing...
[22:52:31] : Storing split-file C:\Users\Karl\Documents\Vuze Downloads\RU.2013.Super.Rugby.R02.Hurricanes.vs.Blues.x264_007.mp4 - duration 579.76 seconds
[22:52:31] : File Writing...
[22:52:34] : Storing split-file C:\Users\Karl\Documents\Vuze Downloads\RU.2013.Super.Rugby.R02.Hurricanes.vs.Blues.x264_008.mp4 - duration 573.24 seconds
[22:52:34] : File Writing...
[22:52:38] : Storing split-file C:\Users\Karl\Documents\Vuze Downloads\RU.2013.Super.Rugby.R02.Hurricanes.vs.Blues.x264_009.mp4 - duration 582.88 seconds
[22:52:38] : File Writing...
[22:52:43] : Storing split-file C:\Users\Karl\Documents\Vuze Downloads\RU.2013.Super.Rugby.R02.Hurricanes.vs.Blues.x264_010.mp4 - duration 579.52 seconds
[22:52:43] : File Writing...
[22:52:43] : Storing split-file C:\Users\Karl\Documents\Vuze Downloads\RU.2013.Super.Rugby.R02.Hurricanes.vs.Blues.x264_011.mp4 - duration 190.96 seconds
[22:52:43] : File Writing...
[22:52:44] : Splitting complete.
[22:52:44] : Total Time Elapsed...54 secs
[22:54:57] : RU.2013.Super.Rugby.R02.Hurricanes.vs.Blues.x264_3598_3720.mp4 loaded....
[22:55:06] : Extraction of Video Stream from RU.2013.Super.Rugby.R02.Hurricanes.vs.Blues.x264_3598_3720.mp4...
[22:55:06] : Command Line used for extraction : "C:\Users\Karl\AppData\Roaming\Yamb\MP4Box.exe" -raw 1 "C:\Users\Karl\Documents\Programming\intel-media-sdk-tutorial-020813\RU.2013.Super.Rugby.R02.Hurricanes.vs.Blues.x264_3598_3720.mp4"
[22:55:06] : File saved in C:\Users\Karl\Documents\Programming\intel-media-sdk-tutorial-020813\
[22:55:07] : Extraction complete.
[22:55:07] : Total Time Elapsed...
[22:55:34] : Yamb 2.1.0.0 beta 2 closed.
