Build started 3/3/2013 8:18:08 PM.
     1>Project "C:\Users\Karl\Documents\Programming\intel-media-sdk-tutorial-020813\intel_media_sdk_tutorial\simple_1_session\simple_session.vcxproj" on node 2 (Build target(s)).
     1>ClCompile:
         C:\Program Files (x86)\Microsoft Visual Studio 11.0\VC\bin\CL.exe /c /Iinclude /I"C:\Program Files\Intel\Media SDK 2013\\include" /ZI /nologo /W4 /WX- /Od /Oy- /D WIN32 /D _DEBUG /D _CONSOLE /D _UNICODE /D UNICODE /Gm /EHsc /RTC1 /MTd /GS /fp:precise /Zc:wchar_t /Zc:forScope /Fo"..\_build\Win32\Debug\obj\simple_session\\" /Fd"..\_build\Win32\Debug\obj\simple_session\vc110.pdb" /Gd /TP /analyze- /errorReport:prompt src\simple_session.cpp
         simple_session.cpp
       Link:
         C:\Program Files (x86)\Microsoft Visual Studio 11.0\VC\bin\link.exe /ERRORREPORT:PROMPT /OUT:"..\_build\Win32\Debug\simple_session.exe" /INCREMENTAL /NOLOGO /LIBPATH:"C:\Program Files\Intel\Media SDK 2013\\lib\Win32" libmfx.lib kernel32.lib user32.lib gdi32.lib winspool.lib comdlg32.lib advapi32.lib shell32.lib ole32.lib oleaut32.lib uuid.lib odbc32.lib odbccp32.lib /NODEFAULTLIB:msvcrt.lib /NODEFAULTLIB:msvcrtd.lib /NODEFAULTLIB:libcmt.lib /MANIFEST /MANIFESTUAC:"level='asInvoker' uiAccess='false'" /manifest:embed /DEBUG /PDB:"..\_build\Win32\Debug\simple_session.pdb" /SUBSYSTEM:CONSOLE /TLBID:1 /DYNAMICBASE /NXCOMPAT /IMPLIB:"..\_build\Win32\Debug\simple_session.lib" /MACHINE:X86 /SAFESEH ..\_build\Win32\Debug\obj\simple_session\simple_session.obj
     1>simple_session.obj : warning LNK4075: ignoring '/EDITANDCONTINUE' due to '/SAFESEH' specification
     1>libmfx.lib(main.obj) : warning LNK4099: PDB 'vc80.pdb' was not found with 'libmfx.lib(main.obj)' or at 'C:\Users\Karl\Documents\Programming\intel-media-sdk-tutorial-020813\intel_media_sdk_tutorial\_build\Win32\Debug\vc80.pdb'; linking object as if no debug info
     1>libmfx.lib(mfx_critical_section.obj) : warning LNK4099: PDB 'vc80.pdb' was not found with 'libmfx.lib(mfx_critical_section.obj)' or at 'C:\Users\Karl\Documents\Programming\intel-media-sdk-tutorial-020813\intel_media_sdk_tutorial\_build\Win32\Debug\vc80.pdb'; linking object as if no debug info
     1>libmfx.lib(mfx_dispatcher.obj) : warning LNK4099: PDB 'vc80.pdb' was not found with 'libmfx.lib(mfx_dispatcher.obj)' or at 'C:\Users\Karl\Documents\Programming\intel-media-sdk-tutorial-020813\intel_media_sdk_tutorial\_build\Win32\Debug\vc80.pdb'; linking object as if no debug info
     1>libmfx.lib(mfx_dxva2_device.obj) : warning LNK4099: PDB 'vc80.pdb' was not found with 'libmfx.lib(mfx_dxva2_device.obj)' or at 'C:\Users\Karl\Documents\Programming\intel-media-sdk-tutorial-020813\intel_media_sdk_tutorial\_build\Win32\Debug\vc80.pdb'; linking object as if no debug info
     1>libmfx.lib(mfx_function_table.obj) : warning LNK4099: PDB 'vc80.pdb' was not found with 'libmfx.lib(mfx_function_table.obj)' or at 'C:\Users\Karl\Documents\Programming\intel-media-sdk-tutorial-020813\intel_media_sdk_tutorial\_build\Win32\Debug\vc80.pdb'; linking object as if no debug info
     1>libmfx.lib(mfx_library_iterator.obj) : warning LNK4099: PDB 'vc80.pdb' was not found with 'libmfx.lib(mfx_library_iterator.obj)' or at 'C:\Users\Karl\Documents\Programming\intel-media-sdk-tutorial-020813\intel_media_sdk_tutorial\_build\Win32\Debug\vc80.pdb'; linking object as if no debug info
     1>libmfx.lib(mfx_load_dll.obj) : warning LNK4099: PDB 'vc80.pdb' was not found with 'libmfx.lib(mfx_load_dll.obj)' or at 'C:\Users\Karl\Documents\Programming\intel-media-sdk-tutorial-020813\intel_media_sdk_tutorial\_build\Win32\Debug\vc80.pdb'; linking object as if no debug info
     1>libmfx.lib(mfx_win_reg_key.obj) : warning LNK4099: PDB 'vc80.pdb' was not found with 'libmfx.lib(mfx_win_reg_key.obj)' or at 'C:\Users\Karl\Documents\Programming\intel-media-sdk-tutorial-020813\intel_media_sdk_tutorial\_build\Win32\Debug\vc80.pdb'; linking object as if no debug info
         simple_session.vcxproj -> C:\Users\Karl\Documents\Programming\intel-media-sdk-tutorial-020813\intel_media_sdk_tutorial\simple_1_session\..\_build\Win32\Debug\simple_session.exe
     1>Done Building Project "C:\Users\Karl\Documents\Programming\intel-media-sdk-tutorial-020813\intel_media_sdk_tutorial\simple_1_session\simple_session.vcxproj" (Build target(s)).

Build succeeded.

Time Elapsed 00:00:02.79
